<?xml version="1.0" encoding="UTF-8"?>
<testng-results ignored="0" total="1" passed="1" failed="0" skipped="0">
  <reporter-output>
  </reporter-output>
  <suite started-at="2023-03-23T17:42:10 IST" name="Default suite" finished-at="2023-03-23T17:42:17 IST" duration-ms="7128">
    <groups>
    </groups>
    <test started-at="2023-03-23T17:42:10 IST" name="Default test" finished-at="2023-03-23T17:42:17 IST" duration-ms="7128">
      <class name="TestNGAnnotation.com.AppTest">
        <test-method signature="AppTest()[pri:0, instance:TestNGAnnotation.com.AppTest@63355449]" started-at="2023-03-23T17:42:10 IST" name="AppTest" finished-at="2023-03-23T17:42:17 IST" duration-ms="7005" status="PASS">
          <reporter-output>
          </reporter-output>
        </test-method> <!-- AppTest -->
      </class> <!-- TestNGAnnotation.com.AppTest -->
    </test> <!-- Default test -->
  </suite> <!-- Default suite -->
</testng-results>
